<?xml version="1.0" encoding="UTF-8"?>
<!-- Generated by org.testng.reporters.JUnitXMLReporter -->
<testsuite ignored="0" hostname="DESKTOP-T9G15NC" failures="0" tests="3" name="Automation App" time="208.848" errors="0" timestamp="2023-08-09T16:37:32 IST">
  <testcase classname="com.automationExercise.testCases.TC_024_DownloadPurchaseInvoiceTest" name="verifyDownloadPurchaseInvoice" time="100.284"/>
  <testcase classname="com.automationExercise.testCases.TC_025_ScrollUsingArrowKeyTest" name="verifyScrollUsingArrowKey" time="5.751"/>
  <testcase classname="com.automationExercise.testCases.TC_026_ScrollWithoutArrowKeyTest" name="verifyScrollWithoutArrowKey" time="3.945"/>
</testsuite> <!-- Automation App -->
