<?xml version="1.0" encoding="UTF-8"?>
<testsuite xmlns:xsi="http://www.w3.org/2001/XMLSchema-instance" xsi:noNamespaceSchemaLocation="https://maven.apache.org/surefire/maven-surefire-plugin/xsd/surefire-test-report.xsd" name="TestSuite" time="218.629" tests="3" errors="0" skipped="0" failures="0">
  <properties>
[...]
</properties>
  <testcase name="verifyDownloadPurchaseInvoice" classname="com.automationExercise.testCases.TC_024_DownloadPurchaseInvoiceTest" time="101.764"/>
  <testcase name="verifyScrollUsingArrowKey" classname="com.automationExercise.testCases.TC_025_ScrollUsingArrowKeyTest" time="5.756"/>
  <testcase name="verifyScrollWithoutArrowKey" classname="com.automationExercise.testCases.TC_026_ScrollWithoutArrowKeyTest" time="3.95"/>
</testsuite>