<?xml version="1.0" encoding="UTF-8"?>
<testng-results ignored="0" total="1" passed="1" failed="0" skipped="0">
  <reporter-output>
  </reporter-output>
  <suite started-at="2023-08-09T16:55:20 IST" name="AutomationExercise" finished-at="2023-08-09T16:55:46 IST" duration-ms="25997">
    <groups>
    </groups>
    <test started-at="2023-08-09T16:55:20 IST" name="Automation App" finished-at="2023-08-09T16:55:46 IST" duration-ms="25997">
      <class name="com.automationExercise.testCases.TC_000_HomePageTest">
        <test-method is-config="true" signature="setUp(java.lang.String)[pri:0, instance:com.automationExercise.testCases.TC_000_HomePageTest@393881f0]" started-at="2023-08-09T16:55:23 IST" name="setUp" finished-at="2023-08-09T16:55:41 IST" duration-ms="18452" status="PASS">
          <params>
            <param index="0">
              <value>
                <![CDATA[chrome]]>
              </value>
            </param>
          </params>
          <reporter-output>
          </reporter-output>
        </test-method> <!-- setUp -->
        <test-method signature="verifyHomePage()[pri:0, instance:com.automationExercise.testCases.TC_000_HomePageTest@393881f0]" started-at="2023-08-09T16:55:41 IST" name="verifyHomePage" finished-at="2023-08-09T16:55:44 IST" duration-ms="3211" status="PASS">
          <reporter-output>
          </reporter-output>
        </test-method> <!-- verifyHomePage -->
        <test-method is-config="true" signature="teardown()[pri:0, instance:com.automationExercise.testCases.TC_000_HomePageTest@393881f0]" started-at="2023-08-09T16:55:45 IST" name="teardown" finished-at="2023-08-09T16:55:46 IST" duration-ms="1043" status="PASS">
          <reporter-output>
          </reporter-output>
        </test-method> <!-- teardown -->
      </class> <!-- com.automationExercise.testCases.TC_000_HomePageTest -->
    </test> <!-- Automation App -->
  </suite> <!-- AutomationExercise -->
</testng-results>
